
[32m
                             _   _
                            (_) | |
      __ _   _ __   __   __  _  | |
     / _` | | '_ \  \ \ / / | | | |
    | (_| | | | | |  \ V /  | | | |
     \__,_| |_| |_|   \_/   |_| |_|
[0m
    0.2.0 (0079a11 2024-09-10T00:20:21.635858000Z)
    [32mhttps://github.com/foundry-rs/foundry[0m

Available Accounts
==================

(0) 0xf39Fd6e51aad88F6F4ce6aB8827279cffFb92266 (10000.000000000000000000 ETH)
(1) 0x70997970C51812dc3A010C7d01b50e0d17dc79C8 (10000.000000000000000000 ETH)
(2) 0x3C44CdDdB6a900fa2b585dd299e03d12FA4293BC (10000.000000000000000000 ETH)
(3) 0x90F79bf6EB2c4f870365E785982E1f101E93b906 (10000.000000000000000000 ETH)
(4) 0x15d34AAf54267DB7D7c367839AAf71A00a2C6A65 (10000.000000000000000000 ETH)
(5) 0x9965507D1a55bcC2695C58ba16FB37d819B0A4dc (10000.000000000000000000 ETH)
(6) 0x976EA74026E726554dB657fA54763abd0C3a0aa9 (10000.000000000000000000 ETH)
(7) 0x14dC79964da2C08b23698B3D3cc7Ca32193d9955 (10000.000000000000000000 ETH)
(8) 0x23618e81E3f5cdF7f54C3d65f7FBc0aBf5B21E8f (10000.000000000000000000 ETH)
(9) 0xa0Ee7A142d267C1f36714E4a8F75612F20a79720 (10000.000000000000000000 ETH)

Private Keys
==================

(0) 0xac0974bec39a17e36ba4a6b4d238ff944bacb478cbed5efcae784d7bf4f2ff80
(1) 0x59c6995e998f97a5a0044966f0945389dc9e86dae88c7a8412f4603b6b78690d
(2) 0x5de4111afa1a4b94908f83103eb1f1706367c2e68ca870fc3fb9a804cdab365a
(3) 0x7c852118294e51e653712a81e05800f419141751be58f605c371e15141b007a6
(4) 0x47e179ec197488593b187f80a00eb0da91f1b9d0b13f8733639f19c30a34926a
(5) 0x8b3a350cf5c34c9194ca85829a2df0ec3153be0318b5e2d3348e872092edffba
(6) 0x92db14e403b83dfe3df233f83dfa3a0d7096f21ca9b0d6d6b8d88b2b4ec1564e
(7) 0x4bbbf85ce3377467afe5d46f804f221813b2bb87f24d81f60f1fcdbf7cbf4356
(8) 0xdbda1821b80551c9d65939329250298aa3472ba22feea921c0cf5d620ea67b97
(9) 0x2a871d0798f97d79848a013d4936a73bf4cc922c825d33c1cf7073dff6d409c6

Wallet
==================
Mnemonic:          test test test test test test test test test test test junk
Derivation path:   m/44'/60'/0'/0/


Chain ID
==================

[32m31337[0m

Base Fee
==================

[32m1000000000[0m

Gas Limit
==================

[32m30000000[0m

Genesis Timestamp
==================

[32m1751004864[0m

Listening on 127.0.0.1:8545
eth_blockNumber
eth_getTransactionCount
eth_getCode
eth_blockNumber
eth_gasPrice
eth_chainId
eth_getBlockByNumber
eth_blockNumber
eth_gasPrice
eth_chainId
eth_getBlockByNumber
eth_getBalance
eth_getTransactionCount
eth_getCode
eth_getCode
eth_getBalance
eth_getTransactionCount
eth_getBalance
eth_getTransactionCount
eth_getCode
eth_getCode
eth_getBalance
eth_getTransactionCount
eth_getCode
eth_getTransactionCount
eth_getBalance
eth_getCode
eth_getTransactionCount
eth_getBalance
eth_getCode
eth_getBalance
eth_getTransactionCount
eth_getCode
eth_getBalance
eth_getTransactionCount
eth_getCode
eth_getBalance
eth_getTransactionCount
eth_getCode
eth_getBalance
eth_getTransactionCount
eth_getCode
eth_getBalance
eth_getTransactionCount
eth_chainId
eth_chainId
eth_blockNumber
eth_gasPrice
eth_chainId
eth_getBlockByNumber
eth_chainId
eth_feeHistory
eth_feeHistory
eth_sendRawTransaction

    Transaction: 0xc58644697777c3ee6973b01fef4cf559ba158eaf6d85fbd60b8727987f90bef1
    Contract created: 0x5fbdb2315678afecb367f032d93f642f64180aa3
    Gas used: 442705

    Block Number: 1
    Block Hash: 0xfd55ccc5414627ed71001fd62001d91a454422d4d4e7da0d4e8359d5da244c59
    Block Time: "Fri, 27 Jun 2025 06:14:44 +0000"

eth_sendRawTransaction

    Transaction: 0xc0752611fad967f6e7034cedf8cd5b36a6f81a6d2c9eb8e2eb08769406c47617
    Contract created: 0xe7f1725e7734ce288f8367e1bb143e90bb3f0512
    Gas used: 5037639

    Block Number: 2
    Block Hash: 0x565ccf282df00fc20c926163aae8d25b80cc7018657b34d73fade1985a960476
    Block Time: "Fri, 27 Jun 2025 06:14:45 +0000"

eth_sendRawTransaction
eth_sendRawTransaction
eth_sendRawTransaction

    Transaction: 0x0ec7ecd3f1de4b0184ea59790b3dad868132a9dc4b13793206f0c76c6a5d912d
    Gas used: 1482284

    Block Number: 3
    Block Hash: 0x3b16fb0d85b45155fcf1dcead6ccae78e2158cc9591ab8e69025c1d0a68358d0
    Block Time: "Fri, 27 Jun 2025 06:14:46 +0000"


    Transaction: 0x3a8fe41d7e8306207d483522fbb13c2ed5476c8c983f196e40b673a90209efb6
    Gas used: 1397507

    Block Number: 4
    Block Hash: 0x9cf1b853c9fb1bbc9360fd9734b4f893a9ca97be9a98898b1c38ee44c15a9c10
    Block Time: "Fri, 27 Jun 2025 06:14:47 +0000"


    Transaction: 0xba00ac0e337417bc5510e189d368cb042c83da0ce82e9edf88a3cb5781aea971
    Gas used: 1486449

    Block Number: 5
    Block Hash: 0xfc3732106330dcd24f398e6c663822f48b7817175ba6bb322ff2163ca389670d
    Block Time: "Fri, 27 Jun 2025 06:14:48 +0000"

eth_getTransactionReceipt
eth_getTransactionReceipt
eth_getTransactionReceipt
eth_getTransactionReceipt
eth_getTransactionReceipt
ots_hasCode
eth_getCode
eth_getCode
eth_blockNumber
eth_getBlockByNumber
